[debug] [2022-11-08T23:01:52.083Z] ----------------------------------------------------------------------
[debug] [2022-11-08T23:01:52.085Z] Command:       C:\Program Files\nodejs\node.exe C:\Users\kings\AppData\Roaming\npm\node_modules\firebase-tools\lib\bin\firebase.js deploy --only functions
[debug] [2022-11-08T23:01:52.085Z] CLI Version:   11.16.0
[debug] [2022-11-08T23:01:52.085Z] Platform:      win32
[debug] [2022-11-08T23:01:52.086Z] Node Version:  v18.12.0
[debug] [2022-11-08T23:01:52.087Z] Time:          Tue Nov 08 2022 18:01:52 GMT-0500 (北美东部标准时间)
[debug] [2022-11-08T23:01:52.087Z] ----------------------------------------------------------------------
[debug] 
[debug] [2022-11-08T23:01:52.152Z] > command requires scopes: ["email","openid","https://www.googleapis.com/auth/cloudplatformprojects.readonly","https://www.googleapis.com/auth/firebase","https://www.googleapis.com/auth/cloud-platform"]
[debug] [2022-11-08T23:01:52.153Z] > authorizing via signed-in user (alan2000129@gmail.com)
[debug] [2022-11-08T23:01:52.153Z] [iam] checking project clone-840d4 for permissions ["cloudfunctions.functions.create","cloudfunctions.functions.delete","cloudfunctions.functions.get","cloudfunctions.functions.list","cloudfunctions.functions.update","cloudfunctions.operations.get","firebase.projects.get"]
[debug] [2022-11-08T23:01:52.155Z] >>> [apiv2][query] POST https://cloudresourcemanager.googleapis.com/v1/projects/clone-840d4:testIamPermissions [none]
[debug] [2022-11-08T23:01:52.155Z] >>> [apiv2][(partial)header] POST https://cloudresourcemanager.googleapis.com/v1/projects/clone-840d4:testIamPermissions x-goog-quota-user=projects/clone-840d4
[debug] [2022-11-08T23:01:52.155Z] >>> [apiv2][body] POST https://cloudresourcemanager.googleapis.com/v1/projects/clone-840d4:testIamPermissions {"permissions":["cloudfunctions.functions.create","cloudfunctions.functions.delete","cloudfunctions.functions.get","cloudfunctions.functions.list","cloudfunctions.functions.update","cloudfunctions.operations.get","firebase.projects.get"]}
[debug] [2022-11-08T23:01:52.464Z] <<< [apiv2][status] POST https://cloudresourcemanager.googleapis.com/v1/projects/clone-840d4:testIamPermissions 200
[debug] [2022-11-08T23:01:52.465Z] <<< [apiv2][body] POST https://cloudresourcemanager.googleapis.com/v1/projects/clone-840d4:testIamPermissions {"permissions":["cloudfunctions.functions.create","cloudfunctions.functions.delete","cloudfunctions.functions.get","cloudfunctions.functions.list","cloudfunctions.functions.update","cloudfunctions.operations.get","firebase.projects.get"]}
[debug] [2022-11-08T23:01:52.467Z] >>> [apiv2][query] POST https://iam.googleapis.com/v1/projects/clone-840d4/serviceAccounts/clone-840d4@appspot.gserviceaccount.com:testIamPermissions [none]
[debug] [2022-11-08T23:01:52.468Z] >>> [apiv2][body] POST https://iam.googleapis.com/v1/projects/clone-840d4/serviceAccounts/clone-840d4@appspot.gserviceaccount.com:testIamPermissions {"permissions":["iam.serviceAccounts.actAs"]}
[debug] [2022-11-08T23:01:52.723Z] <<< [apiv2][status] POST https://iam.googleapis.com/v1/projects/clone-840d4/serviceAccounts/clone-840d4@appspot.gserviceaccount.com:testIamPermissions 200
[debug] [2022-11-08T23:01:52.723Z] <<< [apiv2][body] POST https://iam.googleapis.com/v1/projects/clone-840d4/serviceAccounts/clone-840d4@appspot.gserviceaccount.com:testIamPermissions {"permissions":["iam.serviceAccounts.actAs"]}
[info] 
[info] === Deploying to 'clone-840d4'...
[info] 
[info] i  deploying functions 
[debug] [2022-11-08T23:01:52.738Z] >>> [apiv2][query] GET https://firebase.googleapis.com/v1beta1/projects/clone-840d4 [none]
[debug] [2022-11-08T23:01:53.055Z] <<< [apiv2][status] GET https://firebase.googleapis.com/v1beta1/projects/clone-840d4 200
[debug] [2022-11-08T23:01:53.056Z] <<< [apiv2][body] GET https://firebase.googleapis.com/v1beta1/projects/clone-840d4 {"projectId":"clone-840d4","projectNumber":"3613161907","displayName":"amazon-clone","name":"projects/clone-840d4","resources":{"hostingSite":"clone-840d4","realtimeDatabaseInstance":"clone-840d4-default-rtdb","storageBucket":"clone-840d4.appspot.com","locationId":"us-central"},"state":"ACTIVE","etag":"1_1d1635dc-0ab6-4b91-8f83-1dd46530d9d7"}
[info] i  functions: ensuring required API cloudfunctions.googleapis.com is enabled... 
[info] i  functions: ensuring required API cloudbuild.googleapis.com is enabled... 
[info] i  artifactregistry: ensuring required API artifactregistry.googleapis.com is enabled... 
[debug] [2022-11-08T23:01:53.065Z] >>> [apiv2][query] GET https://serviceusage.googleapis.com/v1/projects/clone-840d4/services/cloudfunctions.googleapis.com [none]
[debug] [2022-11-08T23:01:53.065Z] >>> [apiv2][(partial)header] GET https://serviceusage.googleapis.com/v1/projects/clone-840d4/services/cloudfunctions.googleapis.com x-goog-quota-user=projects/clone-840d4
[debug] [2022-11-08T23:01:53.070Z] >>> [apiv2][query] GET https://serviceusage.googleapis.com/v1/projects/clone-840d4/services/runtimeconfig.googleapis.com [none]
[debug] [2022-11-08T23:01:53.070Z] >>> [apiv2][(partial)header] GET https://serviceusage.googleapis.com/v1/projects/clone-840d4/services/runtimeconfig.googleapis.com x-goog-quota-user=projects/clone-840d4
[debug] [2022-11-08T23:01:53.074Z] >>> [apiv2][query] GET https://serviceusage.googleapis.com/v1/projects/clone-840d4/services/cloudbuild.googleapis.com [none]
[debug] [2022-11-08T23:01:53.074Z] >>> [apiv2][(partial)header] GET https://serviceusage.googleapis.com/v1/projects/clone-840d4/services/cloudbuild.googleapis.com x-goog-quota-user=projects/clone-840d4
[debug] [2022-11-08T23:01:53.078Z] >>> [apiv2][query] GET https://serviceusage.googleapis.com/v1/projects/clone-840d4/services/artifactregistry.googleapis.com [none]
[debug] [2022-11-08T23:01:53.078Z] >>> [apiv2][(partial)header] GET https://serviceusage.googleapis.com/v1/projects/clone-840d4/services/artifactregistry.googleapis.com x-goog-quota-user=projects/clone-840d4
[debug] [2022-11-08T23:01:53.402Z] <<< [apiv2][status] GET https://serviceusage.googleapis.com/v1/projects/clone-840d4/services/runtimeconfig.googleapis.com 200
[debug] [2022-11-08T23:01:53.402Z] <<< [apiv2][body] GET https://serviceusage.googleapis.com/v1/projects/clone-840d4/services/runtimeconfig.googleapis.com [omitted]
[debug] [2022-11-08T23:01:53.417Z] <<< [apiv2][status] GET https://serviceusage.googleapis.com/v1/projects/clone-840d4/services/cloudfunctions.googleapis.com 200
[debug] [2022-11-08T23:01:53.417Z] <<< [apiv2][body] GET https://serviceusage.googleapis.com/v1/projects/clone-840d4/services/cloudfunctions.googleapis.com [omitted]
[info] +  functions: required API cloudfunctions.googleapis.com is enabled 
[debug] [2022-11-08T23:01:53.427Z] <<< [apiv2][status] GET https://serviceusage.googleapis.com/v1/projects/clone-840d4/services/cloudbuild.googleapis.com 200
[debug] [2022-11-08T23:01:53.427Z] <<< [apiv2][body] GET https://serviceusage.googleapis.com/v1/projects/clone-840d4/services/cloudbuild.googleapis.com [omitted]
[info] +  functions: required API cloudbuild.googleapis.com is enabled 
[debug] [2022-11-08T23:01:53.433Z] <<< [apiv2][status] GET https://serviceusage.googleapis.com/v1/projects/clone-840d4/services/artifactregistry.googleapis.com 200
[debug] [2022-11-08T23:01:53.433Z] <<< [apiv2][body] GET https://serviceusage.googleapis.com/v1/projects/clone-840d4/services/artifactregistry.googleapis.com [omitted]
[info] +  artifactregistry: required API artifactregistry.googleapis.com is enabled 
[debug] [2022-11-08T23:01:53.436Z] >>> [apiv2][query] GET https://firebase.googleapis.com/v1beta1/projects/clone-840d4/adminSdkConfig [none]
[debug] [2022-11-08T23:01:53.786Z] <<< [apiv2][status] GET https://firebase.googleapis.com/v1beta1/projects/clone-840d4/adminSdkConfig 200
[debug] [2022-11-08T23:01:53.787Z] <<< [apiv2][body] GET https://firebase.googleapis.com/v1beta1/projects/clone-840d4/adminSdkConfig {"projectId":"clone-840d4","databaseURL":"https://clone-840d4-default-rtdb.firebaseio.com","storageBucket":"clone-840d4.appspot.com","locationId":"us-central"}
[debug] [2022-11-08T23:01:53.788Z] >>> [apiv2][query] GET https://runtimeconfig.googleapis.com/v1beta1/projects/clone-840d4/configs [none]
[debug] [2022-11-08T23:01:53.972Z] <<< [apiv2][status] GET https://runtimeconfig.googleapis.com/v1beta1/projects/clone-840d4/configs 200
[debug] [2022-11-08T23:01:53.972Z] <<< [apiv2][body] GET https://runtimeconfig.googleapis.com/v1beta1/projects/clone-840d4/configs {}
[info] i  functions: preparing codebase default for deployment 
[debug] [2022-11-08T23:01:53.987Z] Validating nodejs source
[warn] !  functions: package.json indicates an outdated version of firebase-functions. Please upgrade using npm install --save firebase-functions@latest in your functions directory. 
[warn] !  functions: Please note that there will be breaking changes when you upgrade. 
[debug] [2022-11-08T23:01:56.582Z] > [functions] package.json contents: {
  "name": "functions",
  "description": "Cloud Functions for Firebase",
  "scripts": {
    "lint": "eslint",
    "serve": "firebase emulators:start --only functions",
    "shell": "firebase functions:shell",
    "start": "npm run shell",
    "deploy": "firebase deploy --only functions",
    "logs": "firebase functions:log"
  },
  "engines": {
    "node": "16"
  },
  "main": "index.js",
  "dependencies": {
    "express": "^4.18.2",
    "firebase-admin": "^10.0.2",
    "firebase-functions": "^3.18.0"
  },
  "devDependencies": {
    "eslint": "^8.9.0",
    "eslint-config-google": "^0.14.0",
    "firebase-functions-test": "^0.2.0"
  },
  "private": true
}
[debug] [2022-11-08T23:01:56.582Z] Building nodejs source
[debug] [2022-11-08T23:01:56.585Z] Could not find functions.yaml. Must use http discovery
[debug] [2022-11-08T23:01:56.879Z] Serving at port 9005

[debug] [2022-11-08T23:01:57.040Z] Got response from /__/functions.yaml {"endpoints":{"api":{"platform":"gcfv1","httpsTrigger":{},"entryPoint":"api"}},"specVersion":"v1alpha1","requiredAPIs":[]}
[debug] [2022-11-08T23:01:57.046Z] shutdown requested via /__/quitquitquit

[info] i  functions: preparing functions directory for uploading... 
[info] i  functions: packaged D:\#Lecture\amazon-clone\amazon-clone\functions (75.78 KB) for uploading 
[debug] [2022-11-08T23:01:57.106Z] >>> [apiv2][query] GET https://cloudfunctions.googleapis.com/v1/projects/clone-840d4/locations/-/functions [none]
[debug] [2022-11-08T23:01:57.561Z] <<< [apiv2][status] GET https://cloudfunctions.googleapis.com/v1/projects/clone-840d4/locations/-/functions 200
[debug] [2022-11-08T23:01:57.562Z] <<< [apiv2][body] GET https://cloudfunctions.googleapis.com/v1/projects/clone-840d4/locations/-/functions {"functions":[{"name":"projects/clone-840d4/locations/us-central1/functions/api","httpsTrigger":{"url":"https://us-central1-clone-840d4.cloudfunctions.net/api","securityLevel":"SECURE_ALWAYS"},"status":"ACTIVE","entryPoint":"api","timeout":"60s","availableMemoryMb":256,"serviceAccountEmail":"clone-840d4@appspot.gserviceaccount.com","updateTime":"2022-11-08T19:32:25.120Z","versionId":"2","labels":{"deployment-tool":"cli-firebase","firebase-functions-hash":"7c74d3915da83e2da983c2501072e1398fcb8264"},"sourceUploadUrl":"https://storage.googleapis.com/uploads-898366661768.us-central1.cloudfunctions.appspot.com/82e6b0c6-76d9-4079-8376-430b8f349319.zip","environmentVariables":{"FIREBASE_CONFIG":"{\"projectId\":\"clone-840d4\",\"databaseURL\":\"https://clone-840d4-default-rtdb.firebaseio.com\",\"storageBucket\":\"clone-840d4.appspot.com\",\"locationId\":\"us-central\"}","GCLOUD_PROJECT":"clone-840d4","EVENTARC_CLOUD_EVENT_SOURCE":"projects/clone-840d4/locations/us-central1/functions/api"},"runtime":"nodejs16","ingressSettings":"ALLOW_ALL","buildId":"4f59d4c8-6875-4d6d-8802-7144a3812449","buildName":"projects/3613161907/locations/us-central1/builds/4f59d4c8-6875-4d6d-8802-7144a3812449","dockerRegistry":"ARTIFACT_REGISTRY"}]}
[debug] [2022-11-08T23:01:57.566Z] >>> [apiv2][query] GET https://cloudfunctions.googleapis.com/v2/projects/clone-840d4/locations/-/functions filter=environment%3D%22GEN_2%22
[debug] [2022-11-08T23:01:58.100Z] <<< [apiv2][status] GET https://cloudfunctions.googleapis.com/v2/projects/clone-840d4/locations/-/functions 200
[debug] [2022-11-08T23:01:58.100Z] <<< [apiv2][body] GET https://cloudfunctions.googleapis.com/v2/projects/clone-840d4/locations/-/functions {}
[debug] [2022-11-08T23:01:58.128Z] >>> [apiv2][query] GET https://firebase.googleapis.com/v1beta1/projects/clone-840d4 [none]
[debug] [2022-11-08T23:01:58.348Z] <<< [apiv2][status] GET https://firebase.googleapis.com/v1beta1/projects/clone-840d4 200
[debug] [2022-11-08T23:01:58.349Z] <<< [apiv2][body] GET https://firebase.googleapis.com/v1beta1/projects/clone-840d4 {"projectId":"clone-840d4","projectNumber":"3613161907","displayName":"amazon-clone","name":"projects/clone-840d4","resources":{"hostingSite":"clone-840d4","realtimeDatabaseInstance":"clone-840d4-default-rtdb","storageBucket":"clone-840d4.appspot.com","locationId":"us-central"},"state":"ACTIVE","etag":"1_1d1635dc-0ab6-4b91-8f83-1dd46530d9d7"}
[debug] [2022-11-08T23:01:58.355Z] >>> [apiv2][query] POST https://cloudfunctions.googleapis.com/v1/projects/clone-840d4/locations/us-central1/functions:generateUploadUrl [none]
[debug] [2022-11-08T23:01:58.355Z] >>> [apiv2][body] POST https://cloudfunctions.googleapis.com/v1/projects/clone-840d4/locations/us-central1/functions:generateUploadUrl {}
[debug] [2022-11-08T23:01:58.970Z] <<< [apiv2][status] POST https://cloudfunctions.googleapis.com/v1/projects/clone-840d4/locations/us-central1/functions:generateUploadUrl 200
[debug] [2022-11-08T23:01:58.970Z] <<< [apiv2][body] POST https://cloudfunctions.googleapis.com/v1/projects/clone-840d4/locations/us-central1/functions:generateUploadUrl {"uploadUrl":"https://storage.googleapis.com/uploads-898366661768.us-central1.cloudfunctions.appspot.com/d8c3f584-1c2f-442c-a8f8-2d83344926b5.zip?GoogleAccessId=service-3613161907@gcf-admin-robot.iam.gserviceaccount.com&Expires=1667950318&Signature=X5%2B5bP2NfOVh2P8StEZCFlxDa5eywCuQJqq3%2FFJwgQ%2BqLdh%2Fxf8mtfihLFfE5C7sEonnv419vBdjGF2tcd2EXWb5HnzoNmb9k1ZcSLkT%2B%2BcvWq4nawbdqFy59urL1JyP6QAiRbPP49MLIGGDz3MWa6DKc4vUpQ4eFZp%2B45TT31uu7oUg2tG3Tml7DoYy47HlU%2F8Lcy2ubwIbgqSvvHovUbQpdjkiatQNM57qlGdcqhDXUC7Ftgf0kTPuAIyWZ1jcrIEYE0qZSo4neUO1mWeFFwwPvSuai12VJ%2BS9Bcpz19Midw8bvYEkStIaY2XmFsuHBBZJHEiZgnQNkwg3NbKRhg%3D%3D"}
[debug] [2022-11-08T23:01:58.973Z] >>> [apiv2][query] PUT https://storage.googleapis.com/uploads-898366661768.us-central1.cloudfunctions.appspot.com/d8c3f584-1c2f-442c-a8f8-2d83344926b5.zip GoogleAccessId=service-3613161907%40gcf-admin-robot.iam.gserviceaccount.com&Expires=1667950318&Signature=X5%2B5bP2NfOVh2P8StEZCFlxDa5eywCuQJqq3%2FFJwgQ%2BqLdh%2Fxf8mtfihLFfE5C7sEonnv419vBdjGF2tcd2EXWb5HnzoNmb9k1ZcSLkT%2B%2BcvWq4nawbdqFy59urL1JyP6QAiRbPP49MLIGGDz3MWa6DKc4vUpQ4eFZp%2B45TT31uu7oUg2tG3Tml7DoYy47HlU%2F8Lcy2ubwIbgqSvvHovUbQpdjkiatQNM57qlGdcqhDXUC7Ftgf0kTPuAIyWZ1jcrIEYE0qZSo4neUO1mWeFFwwPvSuai12VJ%2BS9Bcpz19Midw8bvYEkStIaY2XmFsuHBBZJHEiZgnQNkwg3NbKRhg%3D%3D
[debug] [2022-11-08T23:01:58.973Z] >>> [apiv2][body] PUT https://storage.googleapis.com/uploads-898366661768.us-central1.cloudfunctions.appspot.com/d8c3f584-1c2f-442c-a8f8-2d83344926b5.zip [stream]
[debug] [2022-11-08T23:01:59.155Z] <<< [apiv2][status] PUT https://storage.googleapis.com/uploads-898366661768.us-central1.cloudfunctions.appspot.com/d8c3f584-1c2f-442c-a8f8-2d83344926b5.zip 200
[debug] [2022-11-08T23:01:59.155Z] <<< [apiv2][body] PUT https://storage.googleapis.com/uploads-898366661768.us-central1.cloudfunctions.appspot.com/d8c3f584-1c2f-442c-a8f8-2d83344926b5.zip [omitted]
[info] +  functions: functions folder uploaded successfully 
[info] i  functions: updating Node.js 16 function api(us-central1)... 
[debug] [2022-11-08T23:01:59.175Z] >>> [apiv2][query] PATCH https://cloudfunctions.googleapis.com/v1/projects/clone-840d4/locations/us-central1/functions/api updateMask=name%2CsourceUploadUrl%2CentryPoint%2Cruntime%2CdockerRegistry%2Clabels%2ChttpsTrigger.securityLevel%2CenvironmentVariables%2CavailableMemoryMb%2CsourceToken
[debug] [2022-11-08T23:01:59.176Z] >>> [apiv2][body] PATCH https://cloudfunctions.googleapis.com/v1/projects/clone-840d4/locations/us-central1/functions/api {"name":"projects/clone-840d4/locations/us-central1/functions/api","sourceUploadUrl":"https://storage.googleapis.com/uploads-898366661768.us-central1.cloudfunctions.appspot.com/d8c3f584-1c2f-442c-a8f8-2d83344926b5.zip?GoogleAccessId=service-3613161907@gcf-admin-robot.iam.gserviceaccount.com&Expires=1667950318&Signature=X5%2B5bP2NfOVh2P8StEZCFlxDa5eywCuQJqq3%2FFJwgQ%2BqLdh%2Fxf8mtfihLFfE5C7sEonnv419vBdjGF2tcd2EXWb5HnzoNmb9k1ZcSLkT%2B%2BcvWq4nawbdqFy59urL1JyP6QAiRbPP49MLIGGDz3MWa6DKc4vUpQ4eFZp%2B45TT31uu7oUg2tG3Tml7DoYy47HlU%2F8Lcy2ubwIbgqSvvHovUbQpdjkiatQNM57qlGdcqhDXUC7Ftgf0kTPuAIyWZ1jcrIEYE0qZSo4neUO1mWeFFwwPvSuai12VJ%2BS9Bcpz19Midw8bvYEkStIaY2XmFsuHBBZJHEiZgnQNkwg3NbKRhg%3D%3D","entryPoint":"api","runtime":"nodejs16","dockerRegistry":"ARTIFACT_REGISTRY","labels":{"deployment-tool":"cli-firebase","firebase-functions-hash":"a9a4d98e657d6151624b73e01bcf7b8584b30526"},"httpsTrigger":{"securityLevel":"SECURE_ALWAYS"},"environmentVariables":{"FIREBASE_CONFIG":"{\"projectId\":\"clone-840d4\",\"databaseURL\":\"https://clone-840d4-default-rtdb.firebaseio.com\",\"storageBucket\":\"clone-840d4.appspot.com\",\"locationId\":\"us-central\"}","GCLOUD_PROJECT":"clone-840d4","EVENTARC_CLOUD_EVENT_SOURCE":"projects/clone-840d4/locations/us-central1/functions/api"},"availableMemoryMb":256}
[debug] [2022-11-08T23:01:59.650Z] <<< [apiv2][status] PATCH https://cloudfunctions.googleapis.com/v1/projects/clone-840d4/locations/us-central1/functions/api 200
[debug] [2022-11-08T23:01:59.650Z] <<< [apiv2][body] PATCH https://cloudfunctions.googleapis.com/v1/projects/clone-840d4/locations/us-central1/functions/api {"name":"operations/Y2xvbmUtODQwZDQvdXMtY2VudHJhbDEvYXBpL2wxT3dvV3lxMEVv","metadata":{"@type":"type.googleapis.com/google.cloud.functions.v1.OperationMetadataV1","target":"projects/clone-840d4/locations/us-central1/functions/api","type":"UPDATE_FUNCTION","request":{"@type":"type.googleapis.com/google.cloud.functions.v1.CloudFunction","name":"projects/clone-840d4/locations/us-central1/functions/api","httpsTrigger":{"url":"https://us-central1-clone-840d4.cloudfunctions.net/api","securityLevel":"SECURE_ALWAYS"},"status":"ACTIVE","entryPoint":"api","timeout":"60s","availableMemoryMb":256,"serviceAccountEmail":"clone-840d4@appspot.gserviceaccount.com","updateTime":"2022-11-08T19:32:25.120Z","versionId":"2","labels":{"deployment-tool":"cli-firebase","firebase-functions-hash":"a9a4d98e657d6151624b73e01bcf7b8584b30526"},"sourceUploadUrl":"https://storage.googleapis.com/uploads-898366661768.us-central1.cloudfunctions.appspot.com/d8c3f584-1c2f-442c-a8f8-2d83344926b5.zip?GoogleAccessId=service-3613161907@gcf-admin-robot.iam.gserviceaccount.com&Expires=1667950318&Signature=X5%2B5bP2NfOVh2P8StEZCFlxDa5eywCuQJqq3%2FFJwgQ%2BqLdh%2Fxf8mtfihLFfE5C7sEonnv419vBdjGF2tcd2EXWb5HnzoNmb9k1ZcSLkT%2B%2BcvWq4nawbdqFy59urL1JyP6QAiRbPP49MLIGGDz3MWa6DKc4vUpQ4eFZp%2B45TT31uu7oUg2tG3Tml7DoYy47HlU%2F8Lcy2ubwIbgqSvvHovUbQpdjkiatQNM57qlGdcqhDXUC7Ftgf0kTPuAIyWZ1jcrIEYE0qZSo4neUO1mWeFFwwPvSuai12VJ%2BS9Bcpz19Midw8bvYEkStIaY2XmFsuHBBZJHEiZgnQNkwg3NbKRhg%3D%3D","environmentVariables":{"FIREBASE_CONFIG":"{\"projectId\":\"clone-840d4\",\"databaseURL\":\"https://clone-840d4-default-rtdb.firebaseio.com\",\"storageBucket\":\"clone-840d4.appspot.com\",\"locationId\":\"us-central\"}","GCLOUD_PROJECT":"clone-840d4","EVENTARC_CLOUD_EVENT_SOURCE":"projects/clone-840d4/locations/us-central1/functions/api"},"runtime":"nodejs16","ingressSettings":"ALLOW_ALL","buildId":"4f59d4c8-6875-4d6d-8802-7144a3812449","buildName":"projects/3613161907/locations/us-central1/builds/4f59d4c8-6875-4d6d-8802-7144a3812449","dockerRegistry":"ARTIFACT_REGISTRY"},"versionId":"16","updateTime":"2022-11-08T23:01:58Z"}}
[debug] [2022-11-08T23:01:59.653Z] >>> [apiv2][query] GET https://cloudfunctions.googleapis.com/v1/operations/Y2xvbmUtODQwZDQvdXMtY2VudHJhbDEvYXBpL2wxT3dvV3lxMEVv [none]
[debug] [2022-11-08T23:01:59.866Z] <<< [apiv2][status] GET https://cloudfunctions.googleapis.com/v1/operations/Y2xvbmUtODQwZDQvdXMtY2VudHJhbDEvYXBpL2wxT3dvV3lxMEVv 200
[debug] [2022-11-08T23:01:59.866Z] <<< [apiv2][body] GET https://cloudfunctions.googleapis.com/v1/operations/Y2xvbmUtODQwZDQvdXMtY2VudHJhbDEvYXBpL2wxT3dvV3lxMEVv {"name":"operations/Y2xvbmUtODQwZDQvdXMtY2VudHJhbDEvYXBpL2wxT3dvV3lxMEVv","metadata":{"@type":"type.googleapis.com/google.cloud.functions.v1.OperationMetadataV1","target":"projects/clone-840d4/locations/us-central1/functions/api","type":"UPDATE_FUNCTION","request":{"@type":"type.googleapis.com/google.cloud.functions.v1.CloudFunction","name":"projects/clone-840d4/locations/us-central1/functions/api","httpsTrigger":{"url":"https://us-central1-clone-840d4.cloudfunctions.net/api","securityLevel":"SECURE_ALWAYS"},"status":"ACTIVE","entryPoint":"api","timeout":"60s","availableMemoryMb":256,"serviceAccountEmail":"clone-840d4@appspot.gserviceaccount.com","updateTime":"2022-11-08T19:32:25.120Z","versionId":"2","labels":{"deployment-tool":"cli-firebase","firebase-functions-hash":"a9a4d98e657d6151624b73e01bcf7b8584b30526"},"sourceUploadUrl":"https://storage.googleapis.com/uploads-898366661768.us-central1.cloudfunctions.appspot.com/d8c3f584-1c2f-442c-a8f8-2d83344926b5.zip?GoogleAccessId=service-3613161907@gcf-admin-robot.iam.gserviceaccount.com&Expires=1667950318&Signature=X5%2B5bP2NfOVh2P8StEZCFlxDa5eywCuQJqq3%2FFJwgQ%2BqLdh%2Fxf8mtfihLFfE5C7sEonnv419vBdjGF2tcd2EXWb5HnzoNmb9k1ZcSLkT%2B%2BcvWq4nawbdqFy59urL1JyP6QAiRbPP49MLIGGDz3MWa6DKc4vUpQ4eFZp%2B45TT31uu7oUg2tG3Tml7DoYy47HlU%2F8Lcy2ubwIbgqSvvHovUbQpdjkiatQNM57qlGdcqhDXUC7Ftgf0kTPuAIyWZ1jcrIEYE0qZSo4neUO1mWeFFwwPvSuai12VJ%2BS9Bcpz19Midw8bvYEkStIaY2XmFsuHBBZJHEiZgnQNkwg3NbKRhg%3D%3D","environmentVariables":{"FIREBASE_CONFIG":"{\"projectId\":\"clone-840d4\",\"databaseURL\":\"https://clone-840d4-default-rtdb.firebaseio.com\",\"storageBucket\":\"clone-840d4.appspot.com\",\"locationId\":\"us-central\"}","GCLOUD_PROJECT":"clone-840d4","EVENTARC_CLOUD_EVENT_SOURCE":"projects/clone-840d4/locations/us-central1/functions/api"},"runtime":"nodejs16","ingressSettings":"ALLOW_ALL","buildId":"4f59d4c8-6875-4d6d-8802-7144a3812449","buildName":"projects/3613161907/locations/us-central1/builds/4f59d4c8-6875-4d6d-8802-7144a3812449","dockerRegistry":"ARTIFACT_REGISTRY"},"versionId":"16","updateTime":"2022-11-08T23:01:59Z"}}
[debug] [2022-11-08T23:02:00.370Z] [update-default-us-central1-api] Retrying task index 0
[debug] [2022-11-08T23:02:00.371Z] >>> [apiv2][query] GET https://cloudfunctions.googleapis.com/v1/operations/Y2xvbmUtODQwZDQvdXMtY2VudHJhbDEvYXBpL2wxT3dvV3lxMEVv [none]
[debug] [2022-11-08T23:02:00.564Z] <<< [apiv2][status] GET https://cloudfunctions.googleapis.com/v1/operations/Y2xvbmUtODQwZDQvdXMtY2VudHJhbDEvYXBpL2wxT3dvV3lxMEVv 200
[debug] [2022-11-08T23:02:00.564Z] <<< [apiv2][body] GET https://cloudfunctions.googleapis.com/v1/operations/Y2xvbmUtODQwZDQvdXMtY2VudHJhbDEvYXBpL2wxT3dvV3lxMEVv {"name":"operations/Y2xvbmUtODQwZDQvdXMtY2VudHJhbDEvYXBpL2wxT3dvV3lxMEVv","metadata":{"@type":"type.googleapis.com/google.cloud.functions.v1.OperationMetadataV1","target":"projects/clone-840d4/locations/us-central1/functions/api","type":"UPDATE_FUNCTION","request":{"@type":"type.googleapis.com/google.cloud.functions.v1.CloudFunction","name":"projects/clone-840d4/locations/us-central1/functions/api","httpsTrigger":{"url":"https://us-central1-clone-840d4.cloudfunctions.net/api","securityLevel":"SECURE_ALWAYS"},"status":"ACTIVE","entryPoint":"api","timeout":"60s","availableMemoryMb":256,"serviceAccountEmail":"clone-840d4@appspot.gserviceaccount.com","updateTime":"2022-11-08T19:32:25.120Z","versionId":"2","labels":{"deployment-tool":"cli-firebase","firebase-functions-hash":"a9a4d98e657d6151624b73e01bcf7b8584b30526"},"sourceUploadUrl":"https://storage.googleapis.com/uploads-898366661768.us-central1.cloudfunctions.appspot.com/d8c3f584-1c2f-442c-a8f8-2d83344926b5.zip?GoogleAccessId=service-3613161907@gcf-admin-robot.iam.gserviceaccount.com&Expires=1667950318&Signature=X5%2B5bP2NfOVh2P8StEZCFlxDa5eywCuQJqq3%2FFJwgQ%2BqLdh%2Fxf8mtfihLFfE5C7sEonnv419vBdjGF2tcd2EXWb5HnzoNmb9k1ZcSLkT%2B%2BcvWq4nawbdqFy59urL1JyP6QAiRbPP49MLIGGDz3MWa6DKc4vUpQ4eFZp%2B45TT31uu7oUg2tG3Tml7DoYy47HlU%2F8Lcy2ubwIbgqSvvHovUbQpdjkiatQNM57qlGdcqhDXUC7Ftgf0kTPuAIyWZ1jcrIEYE0qZSo4neUO1mWeFFwwPvSuai12VJ%2BS9Bcpz19Midw8bvYEkStIaY2XmFsuHBBZJHEiZgnQNkwg3NbKRhg%3D%3D","environmentVariables":{"FIREBASE_CONFIG":"{\"projectId\":\"clone-840d4\",\"databaseURL\":\"https://clone-840d4-default-rtdb.firebaseio.com\",\"storageBucket\":\"clone-840d4.appspot.com\",\"locationId\":\"us-central\"}","GCLOUD_PROJECT":"clone-840d4","EVENTARC_CLOUD_EVENT_SOURCE":"projects/clone-840d4/locations/us-central1/functions/api"},"runtime":"nodejs16","ingressSettings":"ALLOW_ALL","buildId":"4f59d4c8-6875-4d6d-8802-7144a3812449","buildName":"projects/3613161907/locations/us-central1/builds/4f59d4c8-6875-4d6d-8802-7144a3812449","dockerRegistry":"ARTIFACT_REGISTRY"},"versionId":"16","updateTime":"2022-11-08T23:01:59Z","buildId":"e7409e6f-7db9-432e-b921-191fb66c42b1","buildName":"projects/3613161907/locations/us-central1/builds/e7409e6f-7db9-432e-b921-191fb66c42b1"}}
[debug] [2022-11-08T23:02:01.573Z] [update-default-us-central1-api] Retrying task index 0
[debug] [2022-11-08T23:02:01.575Z] >>> [apiv2][query] GET https://cloudfunctions.googleapis.com/v1/operations/Y2xvbmUtODQwZDQvdXMtY2VudHJhbDEvYXBpL2wxT3dvV3lxMEVv [none]
[debug] [2022-11-08T23:02:01.748Z] <<< [apiv2][status] GET https://cloudfunctions.googleapis.com/v1/operations/Y2xvbmUtODQwZDQvdXMtY2VudHJhbDEvYXBpL2wxT3dvV3lxMEVv 200
[debug] [2022-11-08T23:02:01.749Z] <<< [apiv2][body] GET https://cloudfunctions.googleapis.com/v1/operations/Y2xvbmUtODQwZDQvdXMtY2VudHJhbDEvYXBpL2wxT3dvV3lxMEVv {"name":"operations/Y2xvbmUtODQwZDQvdXMtY2VudHJhbDEvYXBpL2wxT3dvV3lxMEVv","metadata":{"@type":"type.googleapis.com/google.cloud.functions.v1.OperationMetadataV1","target":"projects/clone-840d4/locations/us-central1/functions/api","type":"UPDATE_FUNCTION","request":{"@type":"type.googleapis.com/google.cloud.functions.v1.CloudFunction","name":"projects/clone-840d4/locations/us-central1/functions/api","httpsTrigger":{"url":"https://us-central1-clone-840d4.cloudfunctions.net/api","securityLevel":"SECURE_ALWAYS"},"status":"ACTIVE","entryPoint":"api","timeout":"60s","availableMemoryMb":256,"serviceAccountEmail":"clone-840d4@appspot.gserviceaccount.com","updateTime":"2022-11-08T19:32:25.120Z","versionId":"2","labels":{"deployment-tool":"cli-firebase","firebase-functions-hash":"a9a4d98e657d6151624b73e01bcf7b8584b30526"},"sourceUploadUrl":"https://storage.googleapis.com/uploads-898366661768.us-central1.cloudfunctions.appspot.com/d8c3f584-1c2f-442c-a8f8-2d83344926b5.zip?GoogleAccessId=service-3613161907@gcf-admin-robot.iam.gserviceaccount.com&Expires=1667950318&Signature=X5%2B5bP2NfOVh2P8StEZCFlxDa5eywCuQJqq3%2FFJwgQ%2BqLdh%2Fxf8mtfihLFfE5C7sEonnv419vBdjGF2tcd2EXWb5HnzoNmb9k1ZcSLkT%2B%2BcvWq4nawbdqFy59urL1JyP6QAiRbPP49MLIGGDz3MWa6DKc4vUpQ4eFZp%2B45TT31uu7oUg2tG3Tml7DoYy47HlU%2F8Lcy2ubwIbgqSvvHovUbQpdjkiatQNM57qlGdcqhDXUC7Ftgf0kTPuAIyWZ1jcrIEYE0qZSo4neUO1mWeFFwwPvSuai12VJ%2BS9Bcpz19Midw8bvYEkStIaY2XmFsuHBBZJHEiZgnQNkwg3NbKRhg%3D%3D","environmentVariables":{"FIREBASE_CONFIG":"{\"projectId\":\"clone-840d4\",\"databaseURL\":\"https://clone-840d4-default-rtdb.firebaseio.com\",\"storageBucket\":\"clone-840d4.appspot.com\",\"locationId\":\"us-central\"}","GCLOUD_PROJECT":"clone-840d4","EVENTARC_CLOUD_EVENT_SOURCE":"projects/clone-840d4/locations/us-central1/functions/api"},"runtime":"nodejs16","ingressSettings":"ALLOW_ALL","buildId":"4f59d4c8-6875-4d6d-8802-7144a3812449","buildName":"projects/3613161907/locations/us-central1/builds/4f59d4c8-6875-4d6d-8802-7144a3812449","dockerRegistry":"ARTIFACT_REGISTRY"},"versionId":"16","updateTime":"2022-11-08T23:01:59Z","buildId":"e7409e6f-7db9-432e-b921-191fb66c42b1","buildName":"projects/3613161907/locations/us-central1/builds/e7409e6f-7db9-432e-b921-191fb66c42b1"}}
[debug] [2022-11-08T23:02:03.752Z] [update-default-us-central1-api] Retrying task index 0
[debug] [2022-11-08T23:02:03.753Z] >>> [apiv2][query] GET https://cloudfunctions.googleapis.com/v1/operations/Y2xvbmUtODQwZDQvdXMtY2VudHJhbDEvYXBpL2wxT3dvV3lxMEVv [none]
[debug] [2022-11-08T23:02:03.938Z] <<< [apiv2][status] GET https://cloudfunctions.googleapis.com/v1/operations/Y2xvbmUtODQwZDQvdXMtY2VudHJhbDEvYXBpL2wxT3dvV3lxMEVv 200
[debug] [2022-11-08T23:02:03.938Z] <<< [apiv2][body] GET https://cloudfunctions.googleapis.com/v1/operations/Y2xvbmUtODQwZDQvdXMtY2VudHJhbDEvYXBpL2wxT3dvV3lxMEVv {"name":"operations/Y2xvbmUtODQwZDQvdXMtY2VudHJhbDEvYXBpL2wxT3dvV3lxMEVv","metadata":{"@type":"type.googleapis.com/google.cloud.functions.v1.OperationMetadataV1","target":"projects/clone-840d4/locations/us-central1/functions/api","type":"UPDATE_FUNCTION","request":{"@type":"type.googleapis.com/google.cloud.functions.v1.CloudFunction","name":"projects/clone-840d4/locations/us-central1/functions/api","httpsTrigger":{"url":"https://us-central1-clone-840d4.cloudfunctions.net/api","securityLevel":"SECURE_ALWAYS"},"status":"ACTIVE","entryPoint":"api","timeout":"60s","availableMemoryMb":256,"serviceAccountEmail":"clone-840d4@appspot.gserviceaccount.com","updateTime":"2022-11-08T19:32:25.120Z","versionId":"2","labels":{"deployment-tool":"cli-firebase","firebase-functions-hash":"a9a4d98e657d6151624b73e01bcf7b8584b30526"},"sourceUploadUrl":"https://storage.googleapis.com/uploads-898366661768.us-central1.cloudfunctions.appspot.com/d8c3f584-1c2f-442c-a8f8-2d83344926b5.zip?GoogleAccessId=service-3613161907@gcf-admin-robot.iam.gserviceaccount.com&Expires=1667950318&Signature=X5%2B5bP2NfOVh2P8StEZCFlxDa5eywCuQJqq3%2FFJwgQ%2BqLdh%2Fxf8mtfihLFfE5C7sEonnv419vBdjGF2tcd2EXWb5HnzoNmb9k1ZcSLkT%2B%2BcvWq4nawbdqFy59urL1JyP6QAiRbPP49MLIGGDz3MWa6DKc4vUpQ4eFZp%2B45TT31uu7oUg2tG3Tml7DoYy47HlU%2F8Lcy2ubwIbgqSvvHovUbQpdjkiatQNM57qlGdcqhDXUC7Ftgf0kTPuAIyWZ1jcrIEYE0qZSo4neUO1mWeFFwwPvSuai12VJ%2BS9Bcpz19Midw8bvYEkStIaY2XmFsuHBBZJHEiZgnQNkwg3NbKRhg%3D%3D","environmentVariables":{"FIREBASE_CONFIG":"{\"projectId\":\"clone-840d4\",\"databaseURL\":\"https://clone-840d4-default-rtdb.firebaseio.com\",\"storageBucket\":\"clone-840d4.appspot.com\",\"locationId\":\"us-central\"}","GCLOUD_PROJECT":"clone-840d4","EVENTARC_CLOUD_EVENT_SOURCE":"projects/clone-840d4/locations/us-central1/functions/api"},"runtime":"nodejs16","ingressSettings":"ALLOW_ALL","buildId":"4f59d4c8-6875-4d6d-8802-7144a3812449","buildName":"projects/3613161907/locations/us-central1/builds/4f59d4c8-6875-4d6d-8802-7144a3812449","dockerRegistry":"ARTIFACT_REGISTRY"},"versionId":"16","updateTime":"2022-11-08T23:01:59Z","buildId":"e7409e6f-7db9-432e-b921-191fb66c42b1","buildName":"projects/3613161907/locations/us-central1/builds/e7409e6f-7db9-432e-b921-191fb66c42b1"}}
[debug] [2022-11-08T23:02:07.952Z] [update-default-us-central1-api] Retrying task index 0
[debug] [2022-11-08T23:02:07.953Z] >>> [apiv2][query] GET https://cloudfunctions.googleapis.com/v1/operations/Y2xvbmUtODQwZDQvdXMtY2VudHJhbDEvYXBpL2wxT3dvV3lxMEVv [none]
[debug] [2022-11-08T23:02:08.135Z] <<< [apiv2][status] GET https://cloudfunctions.googleapis.com/v1/operations/Y2xvbmUtODQwZDQvdXMtY2VudHJhbDEvYXBpL2wxT3dvV3lxMEVv 200
[debug] [2022-11-08T23:02:08.135Z] <<< [apiv2][body] GET https://cloudfunctions.googleapis.com/v1/operations/Y2xvbmUtODQwZDQvdXMtY2VudHJhbDEvYXBpL2wxT3dvV3lxMEVv {"name":"operations/Y2xvbmUtODQwZDQvdXMtY2VudHJhbDEvYXBpL2wxT3dvV3lxMEVv","metadata":{"@type":"type.googleapis.com/google.cloud.functions.v1.OperationMetadataV1","target":"projects/clone-840d4/locations/us-central1/functions/api","type":"UPDATE_FUNCTION","request":{"@type":"type.googleapis.com/google.cloud.functions.v1.CloudFunction","name":"projects/clone-840d4/locations/us-central1/functions/api","httpsTrigger":{"url":"https://us-central1-clone-840d4.cloudfunctions.net/api","securityLevel":"SECURE_ALWAYS"},"status":"ACTIVE","entryPoint":"api","timeout":"60s","availableMemoryMb":256,"serviceAccountEmail":"clone-840d4@appspot.gserviceaccount.com","updateTime":"2022-11-08T19:32:25.120Z","versionId":"2","labels":{"deployment-tool":"cli-firebase","firebase-functions-hash":"a9a4d98e657d6151624b73e01bcf7b8584b30526"},"sourceUploadUrl":"https://storage.googleapis.com/uploads-898366661768.us-central1.cloudfunctions.appspot.com/d8c3f584-1c2f-442c-a8f8-2d83344926b5.zip?GoogleAccessId=service-3613161907@gcf-admin-robot.iam.gserviceaccount.com&Expires=1667950318&Signature=X5%2B5bP2NfOVh2P8StEZCFlxDa5eywCuQJqq3%2FFJwgQ%2BqLdh%2Fxf8mtfihLFfE5C7sEonnv419vBdjGF2tcd2EXWb5HnzoNmb9k1ZcSLkT%2B%2BcvWq4nawbdqFy59urL1JyP6QAiRbPP49MLIGGDz3MWa6DKc4vUpQ4eFZp%2B45TT31uu7oUg2tG3Tml7DoYy47HlU%2F8Lcy2ubwIbgqSvvHovUbQpdjkiatQNM57qlGdcqhDXUC7Ftgf0kTPuAIyWZ1jcrIEYE0qZSo4neUO1mWeFFwwPvSuai12VJ%2BS9Bcpz19Midw8bvYEkStIaY2XmFsuHBBZJHEiZgnQNkwg3NbKRhg%3D%3D","environmentVariables":{"FIREBASE_CONFIG":"{\"projectId\":\"clone-840d4\",\"databaseURL\":\"https://clone-840d4-default-rtdb.firebaseio.com\",\"storageBucket\":\"clone-840d4.appspot.com\",\"locationId\":\"us-central\"}","GCLOUD_PROJECT":"clone-840d4","EVENTARC_CLOUD_EVENT_SOURCE":"projects/clone-840d4/locations/us-central1/functions/api"},"runtime":"nodejs16","ingressSettings":"ALLOW_ALL","buildId":"4f59d4c8-6875-4d6d-8802-7144a3812449","buildName":"projects/3613161907/locations/us-central1/builds/4f59d4c8-6875-4d6d-8802-7144a3812449","dockerRegistry":"ARTIFACT_REGISTRY"},"versionId":"16","updateTime":"2022-11-08T23:01:59Z","buildId":"e7409e6f-7db9-432e-b921-191fb66c42b1","buildName":"projects/3613161907/locations/us-central1/builds/e7409e6f-7db9-432e-b921-191fb66c42b1"}}
[debug] [2022-11-08T23:02:16.136Z] [update-default-us-central1-api] Retrying task index 0
[debug] [2022-11-08T23:02:16.137Z] >>> [apiv2][query] GET https://cloudfunctions.googleapis.com/v1/operations/Y2xvbmUtODQwZDQvdXMtY2VudHJhbDEvYXBpL2wxT3dvV3lxMEVv [none]
[debug] [2022-11-08T23:02:16.318Z] <<< [apiv2][status] GET https://cloudfunctions.googleapis.com/v1/operations/Y2xvbmUtODQwZDQvdXMtY2VudHJhbDEvYXBpL2wxT3dvV3lxMEVv 200
[debug] [2022-11-08T23:02:16.318Z] <<< [apiv2][body] GET https://cloudfunctions.googleapis.com/v1/operations/Y2xvbmUtODQwZDQvdXMtY2VudHJhbDEvYXBpL2wxT3dvV3lxMEVv {"name":"operations/Y2xvbmUtODQwZDQvdXMtY2VudHJhbDEvYXBpL2wxT3dvV3lxMEVv","metadata":{"@type":"type.googleapis.com/google.cloud.functions.v1.OperationMetadataV1","target":"projects/clone-840d4/locations/us-central1/functions/api","type":"UPDATE_FUNCTION","request":{"@type":"type.googleapis.com/google.cloud.functions.v1.CloudFunction","name":"projects/clone-840d4/locations/us-central1/functions/api","httpsTrigger":{"url":"https://us-central1-clone-840d4.cloudfunctions.net/api","securityLevel":"SECURE_ALWAYS"},"status":"ACTIVE","entryPoint":"api","timeout":"60s","availableMemoryMb":256,"serviceAccountEmail":"clone-840d4@appspot.gserviceaccount.com","updateTime":"2022-11-08T19:32:25.120Z","versionId":"2","labels":{"deployment-tool":"cli-firebase","firebase-functions-hash":"a9a4d98e657d6151624b73e01bcf7b8584b30526"},"sourceUploadUrl":"https://storage.googleapis.com/uploads-898366661768.us-central1.cloudfunctions.appspot.com/d8c3f584-1c2f-442c-a8f8-2d83344926b5.zip?GoogleAccessId=service-3613161907@gcf-admin-robot.iam.gserviceaccount.com&Expires=1667950318&Signature=X5%2B5bP2NfOVh2P8StEZCFlxDa5eywCuQJqq3%2FFJwgQ%2BqLdh%2Fxf8mtfihLFfE5C7sEonnv419vBdjGF2tcd2EXWb5HnzoNmb9k1ZcSLkT%2B%2BcvWq4nawbdqFy59urL1JyP6QAiRbPP49MLIGGDz3MWa6DKc4vUpQ4eFZp%2B45TT31uu7oUg2tG3Tml7DoYy47HlU%2F8Lcy2ubwIbgqSvvHovUbQpdjkiatQNM57qlGdcqhDXUC7Ftgf0kTPuAIyWZ1jcrIEYE0qZSo4neUO1mWeFFwwPvSuai12VJ%2BS9Bcpz19Midw8bvYEkStIaY2XmFsuHBBZJHEiZgnQNkwg3NbKRhg%3D%3D","environmentVariables":{"FIREBASE_CONFIG":"{\"projectId\":\"clone-840d4\",\"databaseURL\":\"https://clone-840d4-default-rtdb.firebaseio.com\",\"storageBucket\":\"clone-840d4.appspot.com\",\"locationId\":\"us-central\"}","GCLOUD_PROJECT":"clone-840d4","EVENTARC_CLOUD_EVENT_SOURCE":"projects/clone-840d4/locations/us-central1/functions/api"},"runtime":"nodejs16","ingressSettings":"ALLOW_ALL","buildId":"4f59d4c8-6875-4d6d-8802-7144a3812449","buildName":"projects/3613161907/locations/us-central1/builds/4f59d4c8-6875-4d6d-8802-7144a3812449","dockerRegistry":"ARTIFACT_REGISTRY"},"versionId":"16","updateTime":"2022-11-08T23:01:59Z","buildId":"e7409e6f-7db9-432e-b921-191fb66c42b1","buildName":"projects/3613161907/locations/us-central1/builds/e7409e6f-7db9-432e-b921-191fb66c42b1"}}
[debug] [2022-11-08T23:02:26.331Z] [update-default-us-central1-api] Retrying task index 0
[debug] [2022-11-08T23:02:26.332Z] >>> [apiv2][query] GET https://cloudfunctions.googleapis.com/v1/operations/Y2xvbmUtODQwZDQvdXMtY2VudHJhbDEvYXBpL2wxT3dvV3lxMEVv [none]
[debug] [2022-11-08T23:02:26.625Z] <<< [apiv2][status] GET https://cloudfunctions.googleapis.com/v1/operations/Y2xvbmUtODQwZDQvdXMtY2VudHJhbDEvYXBpL2wxT3dvV3lxMEVv 200
[debug] [2022-11-08T23:02:26.626Z] <<< [apiv2][body] GET https://cloudfunctions.googleapis.com/v1/operations/Y2xvbmUtODQwZDQvdXMtY2VudHJhbDEvYXBpL2wxT3dvV3lxMEVv {"name":"operations/Y2xvbmUtODQwZDQvdXMtY2VudHJhbDEvYXBpL2wxT3dvV3lxMEVv","metadata":{"@type":"type.googleapis.com/google.cloud.functions.v1.OperationMetadataV1","target":"projects/clone-840d4/locations/us-central1/functions/api","type":"UPDATE_FUNCTION","request":{"@type":"type.googleapis.com/google.cloud.functions.v1.CloudFunction","name":"projects/clone-840d4/locations/us-central1/functions/api","httpsTrigger":{"url":"https://us-central1-clone-840d4.cloudfunctions.net/api","securityLevel":"SECURE_ALWAYS"},"status":"ACTIVE","entryPoint":"api","timeout":"60s","availableMemoryMb":256,"serviceAccountEmail":"clone-840d4@appspot.gserviceaccount.com","updateTime":"2022-11-08T19:32:25.120Z","versionId":"2","labels":{"deployment-tool":"cli-firebase","firebase-functions-hash":"a9a4d98e657d6151624b73e01bcf7b8584b30526"},"sourceUploadUrl":"https://storage.googleapis.com/uploads-898366661768.us-central1.cloudfunctions.appspot.com/d8c3f584-1c2f-442c-a8f8-2d83344926b5.zip?GoogleAccessId=service-3613161907@gcf-admin-robot.iam.gserviceaccount.com&Expires=1667950318&Signature=X5%2B5bP2NfOVh2P8StEZCFlxDa5eywCuQJqq3%2FFJwgQ%2BqLdh%2Fxf8mtfihLFfE5C7sEonnv419vBdjGF2tcd2EXWb5HnzoNmb9k1ZcSLkT%2B%2BcvWq4nawbdqFy59urL1JyP6QAiRbPP49MLIGGDz3MWa6DKc4vUpQ4eFZp%2B45TT31uu7oUg2tG3Tml7DoYy47HlU%2F8Lcy2ubwIbgqSvvHovUbQpdjkiatQNM57qlGdcqhDXUC7Ftgf0kTPuAIyWZ1jcrIEYE0qZSo4neUO1mWeFFwwPvSuai12VJ%2BS9Bcpz19Midw8bvYEkStIaY2XmFsuHBBZJHEiZgnQNkwg3NbKRhg%3D%3D","environmentVariables":{"FIREBASE_CONFIG":"{\"projectId\":\"clone-840d4\",\"databaseURL\":\"https://clone-840d4-default-rtdb.firebaseio.com\",\"storageBucket\":\"clone-840d4.appspot.com\",\"locationId\":\"us-central\"}","GCLOUD_PROJECT":"clone-840d4","EVENTARC_CLOUD_EVENT_SOURCE":"projects/clone-840d4/locations/us-central1/functions/api"},"runtime":"nodejs16","ingressSettings":"ALLOW_ALL","buildId":"4f59d4c8-6875-4d6d-8802-7144a3812449","buildName":"projects/3613161907/locations/us-central1/builds/4f59d4c8-6875-4d6d-8802-7144a3812449","dockerRegistry":"ARTIFACT_REGISTRY"},"versionId":"16","updateTime":"2022-11-08T23:01:59Z","buildId":"e7409e6f-7db9-432e-b921-191fb66c42b1","buildName":"projects/3613161907/locations/us-central1/builds/e7409e6f-7db9-432e-b921-191fb66c42b1"}}
[debug] [2022-11-08T23:02:36.636Z] [update-default-us-central1-api] Retrying task index 0
[debug] [2022-11-08T23:02:36.637Z] >>> [apiv2][query] GET https://cloudfunctions.googleapis.com/v1/operations/Y2xvbmUtODQwZDQvdXMtY2VudHJhbDEvYXBpL2wxT3dvV3lxMEVv [none]
[debug] [2022-11-08T23:02:36.900Z] <<< [apiv2][status] GET https://cloudfunctions.googleapis.com/v1/operations/Y2xvbmUtODQwZDQvdXMtY2VudHJhbDEvYXBpL2wxT3dvV3lxMEVv 200
[debug] [2022-11-08T23:02:36.900Z] <<< [apiv2][body] GET https://cloudfunctions.googleapis.com/v1/operations/Y2xvbmUtODQwZDQvdXMtY2VudHJhbDEvYXBpL2wxT3dvV3lxMEVv {"name":"operations/Y2xvbmUtODQwZDQvdXMtY2VudHJhbDEvYXBpL2wxT3dvV3lxMEVv","metadata":{"@type":"type.googleapis.com/google.cloud.functions.v1.OperationMetadataV1","target":"projects/clone-840d4/locations/us-central1/functions/api","type":"UPDATE_FUNCTION","request":{"@type":"type.googleapis.com/google.cloud.functions.v1.CloudFunction","name":"projects/clone-840d4/locations/us-central1/functions/api","httpsTrigger":{"url":"https://us-central1-clone-840d4.cloudfunctions.net/api","securityLevel":"SECURE_ALWAYS"},"status":"ACTIVE","entryPoint":"api","timeout":"60s","availableMemoryMb":256,"serviceAccountEmail":"clone-840d4@appspot.gserviceaccount.com","updateTime":"2022-11-08T19:32:25.120Z","versionId":"2","labels":{"deployment-tool":"cli-firebase","firebase-functions-hash":"a9a4d98e657d6151624b73e01bcf7b8584b30526"},"sourceUploadUrl":"https://storage.googleapis.com/uploads-898366661768.us-central1.cloudfunctions.appspot.com/d8c3f584-1c2f-442c-a8f8-2d83344926b5.zip?GoogleAccessId=service-3613161907@gcf-admin-robot.iam.gserviceaccount.com&Expires=1667950318&Signature=X5%2B5bP2NfOVh2P8StEZCFlxDa5eywCuQJqq3%2FFJwgQ%2BqLdh%2Fxf8mtfihLFfE5C7sEonnv419vBdjGF2tcd2EXWb5HnzoNmb9k1ZcSLkT%2B%2BcvWq4nawbdqFy59urL1JyP6QAiRbPP49MLIGGDz3MWa6DKc4vUpQ4eFZp%2B45TT31uu7oUg2tG3Tml7DoYy47HlU%2F8Lcy2ubwIbgqSvvHovUbQpdjkiatQNM57qlGdcqhDXUC7Ftgf0kTPuAIyWZ1jcrIEYE0qZSo4neUO1mWeFFwwPvSuai12VJ%2BS9Bcpz19Midw8bvYEkStIaY2XmFsuHBBZJHEiZgnQNkwg3NbKRhg%3D%3D","environmentVariables":{"FIREBASE_CONFIG":"{\"projectId\":\"clone-840d4\",\"databaseURL\":\"https://clone-840d4-default-rtdb.firebaseio.com\",\"storageBucket\":\"clone-840d4.appspot.com\",\"locationId\":\"us-central\"}","GCLOUD_PROJECT":"clone-840d4","EVENTARC_CLOUD_EVENT_SOURCE":"projects/clone-840d4/locations/us-central1/functions/api"},"runtime":"nodejs16","ingressSettings":"ALLOW_ALL","buildId":"4f59d4c8-6875-4d6d-8802-7144a3812449","buildName":"projects/3613161907/locations/us-central1/builds/4f59d4c8-6875-4d6d-8802-7144a3812449","dockerRegistry":"ARTIFACT_REGISTRY"},"versionId":"16","updateTime":"2022-11-08T23:01:59Z","buildId":"e7409e6f-7db9-432e-b921-191fb66c42b1","buildName":"projects/3613161907/locations/us-central1/builds/e7409e6f-7db9-432e-b921-191fb66c42b1"}}
[debug] [2022-11-08T23:02:46.911Z] [update-default-us-central1-api] Retrying task index 0
[debug] [2022-11-08T23:02:46.912Z] >>> [apiv2][query] GET https://cloudfunctions.googleapis.com/v1/operations/Y2xvbmUtODQwZDQvdXMtY2VudHJhbDEvYXBpL2wxT3dvV3lxMEVv [none]
[debug] [2022-11-08T23:02:47.132Z] <<< [apiv2][status] GET https://cloudfunctions.googleapis.com/v1/operations/Y2xvbmUtODQwZDQvdXMtY2VudHJhbDEvYXBpL2wxT3dvV3lxMEVv 200
[debug] [2022-11-08T23:02:47.133Z] <<< [apiv2][body] GET https://cloudfunctions.googleapis.com/v1/operations/Y2xvbmUtODQwZDQvdXMtY2VudHJhbDEvYXBpL2wxT3dvV3lxMEVv {"name":"operations/Y2xvbmUtODQwZDQvdXMtY2VudHJhbDEvYXBpL2wxT3dvV3lxMEVv","metadata":{"@type":"type.googleapis.com/google.cloud.functions.v1.OperationMetadataV1","target":"projects/clone-840d4/locations/us-central1/functions/api","type":"UPDATE_FUNCTION","request":{"@type":"type.googleapis.com/google.cloud.functions.v1.CloudFunction","name":"projects/clone-840d4/locations/us-central1/functions/api","httpsTrigger":{"url":"https://us-central1-clone-840d4.cloudfunctions.net/api","securityLevel":"SECURE_ALWAYS"},"status":"ACTIVE","entryPoint":"api","timeout":"60s","availableMemoryMb":256,"serviceAccountEmail":"clone-840d4@appspot.gserviceaccount.com","updateTime":"2022-11-08T19:32:25.120Z","versionId":"2","labels":{"deployment-tool":"cli-firebase","firebase-functions-hash":"a9a4d98e657d6151624b73e01bcf7b8584b30526"},"sourceUploadUrl":"https://storage.googleapis.com/uploads-898366661768.us-central1.cloudfunctions.appspot.com/d8c3f584-1c2f-442c-a8f8-2d83344926b5.zip?GoogleAccessId=service-3613161907@gcf-admin-robot.iam.gserviceaccount.com&Expires=1667950318&Signature=X5%2B5bP2NfOVh2P8StEZCFlxDa5eywCuQJqq3%2FFJwgQ%2BqLdh%2Fxf8mtfihLFfE5C7sEonnv419vBdjGF2tcd2EXWb5HnzoNmb9k1ZcSLkT%2B%2BcvWq4nawbdqFy59urL1JyP6QAiRbPP49MLIGGDz3MWa6DKc4vUpQ4eFZp%2B45TT31uu7oUg2tG3Tml7DoYy47HlU%2F8Lcy2ubwIbgqSvvHovUbQpdjkiatQNM57qlGdcqhDXUC7Ftgf0kTPuAIyWZ1jcrIEYE0qZSo4neUO1mWeFFwwPvSuai12VJ%2BS9Bcpz19Midw8bvYEkStIaY2XmFsuHBBZJHEiZgnQNkwg3NbKRhg%3D%3D","environmentVariables":{"FIREBASE_CONFIG":"{\"projectId\":\"clone-840d4\",\"databaseURL\":\"https://clone-840d4-default-rtdb.firebaseio.com\",\"storageBucket\":\"clone-840d4.appspot.com\",\"locationId\":\"us-central\"}","GCLOUD_PROJECT":"clone-840d4","EVENTARC_CLOUD_EVENT_SOURCE":"projects/clone-840d4/locations/us-central1/functions/api"},"runtime":"nodejs16","ingressSettings":"ALLOW_ALL","buildId":"4f59d4c8-6875-4d6d-8802-7144a3812449","buildName":"projects/3613161907/locations/us-central1/builds/4f59d4c8-6875-4d6d-8802-7144a3812449","dockerRegistry":"ARTIFACT_REGISTRY"},"versionId":"16","updateTime":"2022-11-08T23:01:59Z","buildId":"e7409e6f-7db9-432e-b921-191fb66c42b1","buildName":"projects/3613161907/locations/us-central1/builds/e7409e6f-7db9-432e-b921-191fb66c42b1"}}
[debug] [2022-11-08T23:02:57.139Z] [update-default-us-central1-api] Retrying task index 0
[debug] [2022-11-08T23:02:57.140Z] >>> [apiv2][query] GET https://cloudfunctions.googleapis.com/v1/operations/Y2xvbmUtODQwZDQvdXMtY2VudHJhbDEvYXBpL2wxT3dvV3lxMEVv [none]
[debug] [2022-11-08T23:02:57.320Z] <<< [apiv2][status] GET https://cloudfunctions.googleapis.com/v1/operations/Y2xvbmUtODQwZDQvdXMtY2VudHJhbDEvYXBpL2wxT3dvV3lxMEVv 200
[debug] [2022-11-08T23:02:57.320Z] <<< [apiv2][body] GET https://cloudfunctions.googleapis.com/v1/operations/Y2xvbmUtODQwZDQvdXMtY2VudHJhbDEvYXBpL2wxT3dvV3lxMEVv {"name":"operations/Y2xvbmUtODQwZDQvdXMtY2VudHJhbDEvYXBpL2wxT3dvV3lxMEVv","metadata":{"@type":"type.googleapis.com/google.cloud.functions.v1.OperationMetadataV1","target":"projects/clone-840d4/locations/us-central1/functions/api","type":"UPDATE_FUNCTION","request":{"@type":"type.googleapis.com/google.cloud.functions.v1.CloudFunction","name":"projects/clone-840d4/locations/us-central1/functions/api","httpsTrigger":{"url":"https://us-central1-clone-840d4.cloudfunctions.net/api","securityLevel":"SECURE_ALWAYS"},"status":"ACTIVE","entryPoint":"api","timeout":"60s","availableMemoryMb":256,"serviceAccountEmail":"clone-840d4@appspot.gserviceaccount.com","updateTime":"2022-11-08T19:32:25.120Z","versionId":"2","labels":{"deployment-tool":"cli-firebase","firebase-functions-hash":"a9a4d98e657d6151624b73e01bcf7b8584b30526"},"sourceUploadUrl":"https://storage.googleapis.com/uploads-898366661768.us-central1.cloudfunctions.appspot.com/d8c3f584-1c2f-442c-a8f8-2d83344926b5.zip?GoogleAccessId=service-3613161907@gcf-admin-robot.iam.gserviceaccount.com&Expires=1667950318&Signature=X5%2B5bP2NfOVh2P8StEZCFlxDa5eywCuQJqq3%2FFJwgQ%2BqLdh%2Fxf8mtfihLFfE5C7sEonnv419vBdjGF2tcd2EXWb5HnzoNmb9k1ZcSLkT%2B%2BcvWq4nawbdqFy59urL1JyP6QAiRbPP49MLIGGDz3MWa6DKc4vUpQ4eFZp%2B45TT31uu7oUg2tG3Tml7DoYy47HlU%2F8Lcy2ubwIbgqSvvHovUbQpdjkiatQNM57qlGdcqhDXUC7Ftgf0kTPuAIyWZ1jcrIEYE0qZSo4neUO1mWeFFwwPvSuai12VJ%2BS9Bcpz19Midw8bvYEkStIaY2XmFsuHBBZJHEiZgnQNkwg3NbKRhg%3D%3D","environmentVariables":{"FIREBASE_CONFIG":"{\"projectId\":\"clone-840d4\",\"databaseURL\":\"https://clone-840d4-default-rtdb.firebaseio.com\",\"storageBucket\":\"clone-840d4.appspot.com\",\"locationId\":\"us-central\"}","GCLOUD_PROJECT":"clone-840d4","EVENTARC_CLOUD_EVENT_SOURCE":"projects/clone-840d4/locations/us-central1/functions/api"},"runtime":"nodejs16","ingressSettings":"ALLOW_ALL","buildId":"4f59d4c8-6875-4d6d-8802-7144a3812449","buildName":"projects/3613161907/locations/us-central1/builds/4f59d4c8-6875-4d6d-8802-7144a3812449","dockerRegistry":"ARTIFACT_REGISTRY"},"versionId":"16","updateTime":"2022-11-08T23:02:55Z","buildId":"e7409e6f-7db9-432e-b921-191fb66c42b1","sourceToken":"6cbb97d3-a0a7-4744-81e2-c82b2d280d54","buildName":"projects/3613161907/locations/us-central1/builds/e7409e6f-7db9-432e-b921-191fb66c42b1"},"done":true,"error":{"code":3,"message":"Function failed on loading user code. This is likely due to a bug in the user code. Error message: Error: please examine your function logs to see the error cause: https://cloud.google.com/functions/docs/monitoring/logging#viewing_logs. Additional troubleshooting documentation can be found at https://cloud.google.com/functions/docs/troubleshooting#logging. Please visit https://cloud.google.com/functions/docs/troubleshooting for in-depth troubleshooting documentation."}}
[debug] [2022-11-08T23:02:57.320Z] Got source token 6cbb97d3-a0a7-4744-81e2-c82b2d280d54 for region us-central1
[error] Function failed on loading user code. This is likely due to a bug in the user code. Error message: Error: please examine your function logs to see the error cause: https://cloud.google.com/functions/docs/monitoring/logging#viewing_logs. Additional troubleshooting documentation can be found at https://cloud.google.com/functions/docs/troubleshooting#logging. Please visit https://cloud.google.com/functions/docs/troubleshooting for in-depth troubleshooting documentation.
[debug] [2022-11-08T23:02:57.336Z] Total Function Deployment time: 58156
[debug] [2022-11-08T23:02:57.337Z] 1 Functions Deployed
[debug] [2022-11-08T23:02:57.337Z] 1 Functions Errored
[debug] [2022-11-08T23:02:57.337Z] 0 Function Deployments Aborted
[debug] [2022-11-08T23:02:57.337Z] Average Function Deployment time: 58153
[info] 
[info] Functions deploy had errors with the following functions:
	api(us-central1)
[debug] [2022-11-08T23:02:57.422Z] Not printing URL for HTTPS function. Typically this means it didn't match a filter or we failed deployment
[info] i  functions: cleaning up build files... 
[debug] [2022-11-08T23:02:57.426Z] >>> [apiv2][query] DELETE https://artifactregistry.googleapis.com/v1beta2/projects/clone-840d4/locations/us-central1/repositories/gcf-artifacts/packages/api [none]
[debug] [2022-11-08T23:02:57.429Z] >>> [apiv2][query] GET https://us.gcr.io/v2/clone-840d4/gcf/us-central1/tags/list [none]
[debug] [2022-11-08T23:02:57.609Z] <<< [apiv2][status] GET https://us.gcr.io/v2/clone-840d4/gcf/us-central1/tags/list 200
[debug] [2022-11-08T23:02:57.609Z] <<< [apiv2][body] GET https://us.gcr.io/v2/clone-840d4/gcf/us-central1/tags/list {"child":[],"manifest":{},"name":"clone-840d4/gcf/us-central1","tags":[]}
[debug] [2022-11-08T23:02:57.609Z] Could not find image for function projects/clone-840d4/locations/us-central1/functions/api
[debug] [2022-11-08T23:02:57.681Z] <<< [apiv2][status] DELETE https://artifactregistry.googleapis.com/v1beta2/projects/clone-840d4/locations/us-central1/repositories/gcf-artifacts/packages/api 200
[debug] [2022-11-08T23:02:57.681Z] <<< [apiv2][body] DELETE https://artifactregistry.googleapis.com/v1beta2/projects/clone-840d4/locations/us-central1/repositories/gcf-artifacts/packages/api {"name":"projects/clone-840d4/locations/us-central1/operations/5368c4d0-1900-4b0e-ada8-e9149a1d972e","metadata":{"@type":"type.googleapis.com/google.devtools.artifactregistry.v1beta2.OperationMetadata"}}
[debug] [2022-11-08T23:02:57.683Z] >>> [apiv2][query] GET https://artifactregistry.googleapis.com/v1beta2/projects/clone-840d4/locations/us-central1/operations/5368c4d0-1900-4b0e-ada8-e9149a1d972e [none]
[debug] [2022-11-08T23:02:57.939Z] <<< [apiv2][status] GET https://artifactregistry.googleapis.com/v1beta2/projects/clone-840d4/locations/us-central1/operations/5368c4d0-1900-4b0e-ada8-e9149a1d972e 200
[debug] [2022-11-08T23:02:57.939Z] <<< [apiv2][body] GET https://artifactregistry.googleapis.com/v1beta2/projects/clone-840d4/locations/us-central1/operations/5368c4d0-1900-4b0e-ada8-e9149a1d972e {"name":"projects/clone-840d4/locations/us-central1/operations/5368c4d0-1900-4b0e-ada8-e9149a1d972e","metadata":{"@type":"type.googleapis.com/google.devtools.artifactregistry.v1beta2.OperationMetadata"},"done":true,"response":{"@type":"type.googleapis.com/google.protobuf.Empty"}}
[debug] [2022-11-08T23:02:57.939Z] Functions deploy failed.
[debug] [2022-11-08T23:02:57.939Z] {
  "endpoint": {
    "id": "api",
    "project": "clone-840d4",
    "region": "us-central1",
    "entryPoint": "api",
    "platform": "gcfv1",
    "runtime": "nodejs16",
    "httpsTrigger": {},
    "environmentVariables": {
      "FIREBASE_CONFIG": "{\"projectId\":\"clone-840d4\",\"databaseURL\":\"https://clone-840d4-default-rtdb.firebaseio.com\",\"storageBucket\":\"clone-840d4.appspot.com\",\"locationId\":\"us-central\"}",
      "GCLOUD_PROJECT": "clone-840d4",
      "EVENTARC_CLOUD_EVENT_SOURCE": "projects/clone-840d4/locations/us-central1/functions/api"
    },
    "codebase": "default",
    "availableMemoryMb": 256,
    "securityLevel": "SECURE_ALWAYS",
    "targetedByOnly": false,
    "hash": "a9a4d98e657d6151624b73e01bcf7b8584b30526",
    "labels": {
      "deployment-tool": "cli-firebase"
    }
  },
  "op": "update",
  "original": {
    "name": "FirebaseError",
    "children": [],
    "exit": 1,
    "message": "Function failed on loading user code. This is likely due to a bug in the user code. Error message: Error: please examine your function logs to see the error cause: https://cloud.google.com/functions/docs/monitoring/logging#viewing_logs. Additional troubleshooting documentation can be found at https://cloud.google.com/functions/docs/troubleshooting#logging. Please visit https://cloud.google.com/functions/docs/troubleshooting for in-depth troubleshooting documentation.",
    "status": 3
  }
}
[debug] [2022-11-08T23:02:58.032Z] Error: Failed to update function api in region us-central1
    at C:\Users\kings\AppData\Roaming\npm\node_modules\firebase-tools\lib\deploy\functions\release\fabricator.js:41:11
    at process.processTicksAndRejections (node:internal/process/task_queues:95:5)
    at async Fabricator.updateV1Function (C:\Users\kings\AppData\Roaming\npm\node_modules\firebase-tools\lib\deploy\functions\release\fabricator.js:305:32)
    at async Fabricator.updateEndpoint (C:\Users\kings\AppData\Roaming\npm\node_modules\firebase-tools\lib\deploy\functions\release\fabricator.js:140:13)
    at async handle (C:\Users\kings\AppData\Roaming\npm\node_modules\firebase-tools\lib\deploy\functions\release\fabricator.js:78:17)
[error] 
[error] Error: There was an error deploying functions
